<?xml version="1.0" encoding="UTF-8"?>
<!-- Generated by org.testng.reporters.JUnitReportReporter -->
<testsuite hostname="GuruVardhanReddy" failures="0" tests="1" name="qaclicksacademy.AppTest" time="0.013" errors="0" timestamp="2020-12-03T18:33:27 IST" skipped="0">
  <testcase classname="qaclicksacademy.AppTest" name="personalMobile" time="0.013"/>
  <system-out/>
</testsuite> <!-- qaclicksacademy.AppTest -->
