<?xml version="1.0" encoding="UTF-8"?>
<!-- Generated by org.testng.reporters.JUnitReportReporter -->
<testsuite hostname="GuruVardhanReddy" failures="0" tests="2" name="qaclicksacademy.AppTest" time="0.000" errors="0" timestamp="2020-12-16T12:04:15 IST" skipped="0">
  <testcase classname="qaclicksacademy.AppTest" name="personalMobile" time="0.000"/>
  <system-out/>
  <testcase classname="qaclicksacademy.AppTest" name="personalMobileExclude" time="0.000"/>
  <system-out/>
</testsuite> <!-- qaclicksacademy.AppTest -->
